Сборка начата 20.02.2025 20:52:03.
Уровень детализации журнала: Normal.     1>Проект "D:\Денис\4 сем\МатПрога\laba2\Subsets\Subsets.vcxproj" в узле 2 (целевые объекты Build).
     1>PrepareForBuild:
         Структурированный вывод включен. Форматирование диагностики компилятора будет отражать иерархию ошибок. Подробнее см. https://aka.ms/cpp/structured-output.
       InitializeBuildStatus:
         Обращение к "x64\Debug\Subsets.tlog\unsuccessfulbuild".
       ClCompile:
         C:\Program Files\Microsoft Visual Studio\2022\Community\VC\Tools\MSVC\14.38.33130\bin\HostX64\x64\CL.exe /c /ZI /JMC /nologo /W3 /WX- /diagnostics:column /sdl /Od /D _DEBUG /D _CONSOLE /D _UNICODE /D UNICODE /Gm- /EHsc /RTC1 /MDd /GS /fp:precise /Zc:wchar_t /Zc:forScope /Zc:inline /permissive- /Fo"x64\Debug\\" /Fd"x64\Debug\vc143.pdb" /external:W3 /Gd /TP /FC /errorReport:prompt Combi.cpp Main.cpp
         Combi.cpp
     1>D:\Денис\4 сем\МатПрога\laba2\Subsets\Combi.cpp(46,37): warning C4334: <<: результат 32-разрядного смещения неявно преобразуется в 64-разрядное значение (предполагалось 64-разрядное смещение?)
         Main.cpp
         Создание кода...
       Link:
         C:\Program Files\Microsoft Visual Studio\2022\Community\VC\Tools\MSVC\14.38.33130\bin\HostX64\x64\link.exe /ERRORREPORT:PROMPT /OUT:"D:\Денис\4 сем\МатПрога\laba2\x64\Debug\Subsets.exe" /INCREMENTAL /ILK:"x64\Debug\Subsets.ilk" /NOLOGO kernel32.lib user32.lib gdi32.lib winspool.lib comdlg32.lib advapi32.lib shell32.lib ole32.lib oleaut32.lib uuid.lib odbc32.lib odbccp32.lib /MANIFEST /MANIFESTUAC:"level='asInvoker' uiAccess='false'" /manifest:embed /DEBUG /PDB:"D:\Денис\4 сем\МатПрога\laba2\x64\Debug\Subsets.pdb" /SUBSYSTEM:CONSOLE /TLBID:1 /DYNAMICBASE /NXCOMPAT /IMPLIB:"D:\Денис\4 сем\МатПрога\laba2\x64\Debug\Subsets.lib" /MACHINE:X64 x64\Debug\Combi.obj
         x64\Debug\Main.obj
         Subsets.vcxproj -> D:\Денис\4 сем\МатПрога\laba2\x64\Debug\Subsets.exe
       FinalizeBuildStatus:
         Файл "x64\Debug\Subsets.tlog\unsuccessfulbuild" удаляется.
         Обращение к "x64\Debug\Subsets.tlog\Subsets.lastbuildstate".
     1>Сборка проекта "D:\Денис\4 сем\МатПрога\laba2\Subsets\Subsets.vcxproj" завершена (целевые объекты Build).

Сборка успешно завершена.

       "D:\Денис\4 сем\МатПрога\laba2\Subsets\Subsets.vcxproj" (целевой объект Build ) (1) ->
       (Целевой объект ClCompile) -> 
         D:\Денис\4 сем\МатПрога\laba2\Subsets\Combi.cpp(46,37): warning C4334: <<: результат 32-разрядного смещения неявно преобразуется в 64-разрядное значение (предполагалось 64-разрядное смещение?)

    Предупреждений: 1
    Ошибок: 0

Прошло времени 00:00:00.90
